Error: src/App.tsx(12,1): error TS6133: 'NotFound' is declared but its value is never read.
Error: src/App.tsx(19,9): error TS6133: 'router' is declared but its value is never read.
Error: src/components/AddEditReferenceDialog.tsx(76,12): error TS6133: 'navigate' is declared but its value is never read.
Error: src/components/ConfirmationDialog.tsx(1,1): error TS6133: 'React' is declared but its value is never read.
Error: src/components/ReferenceCard.tsx(36,9): error TS6133: 'user' is declared but its value is never read.
Error: src/components/ReferenceDetailDialog.tsx(11,3): error TS6133: 'User' is declared but its value is never read.
Error: src/components/ReferenceDetailDialog.tsx(12,3): error TS6133: 'Calendar' is declared but its value is never read.
Error: src/components/ReferenceDetailDialog.tsx(16,3): error TS6133: 'X' is declared but its value is never read.
Error: src/components/ReferenceDetailDialog.tsx(44,9): error TS6133: 'isAdmin' is declared but its value is never read.
Error: src/components/ReferenceDetailDialog.tsx(126,11): error TS6133: 'id' is declared but its value is never read.
Error: src/components/ReferenceDetailDialog.tsx(126,68): error TS6133: 'createdBy' is declared but its value is never read.
Error: src/components/ReferenceDetailDialog.tsx(127,9): error TS6133: 'formattedDate' is declared but its value is never read.
Error: src/components/ui/toaster.tsx(1,1): error TS6133: 'React' is declared but its value is never read.
Error: src/main.tsx(1,1): error TS6133: 'React' is declared but its value is never read.
Error: src/main.tsx(8,22): error TS2339: Property 'VITE_API_URL' does not exist on type 'ImportMetaEnv'.
Error: src/pages/HomePage.tsx(1,1): error TS6133: 'React' is declared but its value is never read.
Error: src/pages/HomePage.tsx(2,31): error TS6133: 'useCallback' is declared but its value is never read.
Error: src/pages/HomePage.tsx(10,1): error TS6192: All imports in import declaration are unused.
Error: src/pages/HomePage.tsx(32,1): error TS6192: All imports in import declaration are unused.
Error: src/pages/HomePage.tsx(43,9): error TS6133: 'toast' is declared but its value is never read.
Error: src/pages/HomePage.tsx(44,12): error TS6133: 'navigate' is declared but its value is never read.
Error: src/pages/HomePage.tsx(354,49): error TS2339: Property 'name' does not exist on type '{}'.
Error: src/pages/HomePage.tsx(354,65): error TS2339: Property 'name' does not exist on type '{}'.
Error: src/pages/LoginPage.tsx(1,1): error TS6133: 'React' is declared but its value is never read.
Error: src/pages/not-found.tsx(1,1): error TS6133: 'React' is declared but its value is never read.
Error: Process completed with exit code 2.
